

times in msec
 clock   self+sourced   self:  sourced script
 clock   elapsed:              other lines

000.025  000.025: --- NVIM STARTING ---
000.905  000.880: locale set
001.457  000.552: inits 1
001.482  000.025: window checked
001.488  000.006: parsing arguments
004.303  002.815: init lua interpreter
004.598  000.295: expanding arguments
004.672  000.074: inits 2
005.231  000.560: init highlight
005.233  000.002: waiting for UI
008.746  003.513: done waiting for UI
008.769  000.022: init screen for UI
008.801  000.033: init default mappings
008.866  000.065: init default autocommands
012.962  000.546  000.546: sourcing /usr/local/Cellar/neovim/0.7.2_1/share/nvim/runtime/ftplugin.vim
013.945  000.583  000.583: sourcing /usr/local/Cellar/neovim/0.7.2_1/share/nvim/runtime/indent.vim
038.623  005.646  005.646: sourcing /Users/andrix/.local/share/nvim/site/pack/packer/start/gruvbox.nvim/colors/gruvbox.lua
498.250  484.008  478.362: sourcing /Users/andrix/.config/nvim/init.lua
498.280  004.276: sourcing vimrc file(s)
499.235  000.518  000.518: sourcing /usr/local/Cellar/neovim/0.7.2_1/share/nvim/runtime/filetype.lua
508.804  000.497  000.497: sourcing /Users/andrix/.local/share/nvim/site/pack/packer/start/LuaSnip/ftdetect/snippets.vim
509.499  010.178  009.682: sourcing /usr/local/Cellar/neovim/0.7.2_1/share/nvim/runtime/filetype.vim
511.720  000.663  000.663: sourcing /usr/local/Cellar/neovim/0.7.2_1/share/nvim/runtime/syntax/synload.vim
512.054  002.369  001.706: sourcing /usr/local/Cellar/neovim/0.7.2_1/share/nvim/runtime/syntax/syntax.vim
517.437  000.820  000.820: sourcing /usr/local/Cellar/neovim/0.7.2_1/share/nvim/runtime/plugin/gzip.vim
518.099  000.498  000.498: sourcing /usr/local/Cellar/neovim/0.7.2_1/share/nvim/runtime/plugin/health.vim
518.871  000.609  000.609: sourcing /usr/local/Cellar/neovim/0.7.2_1/share/nvim/runtime/plugin/man.vim
522.045  001.333  001.333: sourcing /usr/local/Cellar/neovim/0.7.2_1/share/nvim/runtime/pack/dist/opt/matchit/plugin/matchit.vim
522.430  003.395  002.062: sourcing /usr/local/Cellar/neovim/0.7.2_1/share/nvim/runtime/plugin/matchit.vim
523.802  001.258  001.258: sourcing /usr/local/Cellar/neovim/0.7.2_1/share/nvim/runtime/plugin/matchparen.vim
525.679  001.713  001.713: sourcing /usr/local/Cellar/neovim/0.7.2_1/share/nvim/runtime/plugin/netrwPlugin.vim
527.278  000.476  000.476: sourcing /Users/andrix/.local/share/nvim/rplugin.vim
527.313  001.445  000.970: sourcing /usr/local/Cellar/neovim/0.7.2_1/share/nvim/runtime/plugin/rplugin.vim
528.174  000.692  000.692: sourcing /usr/local/Cellar/neovim/0.7.2_1/share/nvim/runtime/plugin/shada.vim
528.787  000.430  000.430: sourcing /usr/local/Cellar/neovim/0.7.2_1/share/nvim/runtime/plugin/spellfile.vim
529.708  000.739  000.739: sourcing /usr/local/Cellar/neovim/0.7.2_1/share/nvim/runtime/plugin/tarPlugin.vim
531.479  001.592  001.592: sourcing /usr/local/Cellar/neovim/0.7.2_1/share/nvim/runtime/plugin/tohtml.vim
532.212  000.550  000.550: sourcing /usr/local/Cellar/neovim/0.7.2_1/share/nvim/runtime/plugin/tutor.vim
533.176  000.781  000.781: sourcing /usr/local/Cellar/neovim/0.7.2_1/share/nvim/runtime/plugin/zipPlugin.vim
641.793  001.267  001.267: sourcing /Users/andrix/.local/share/nvim/site/pack/packer/opt/vim-solidity/ftdetect/solidity.vim
641.821  108.228  106.960: sourcing /Users/andrix/.config/nvim/plugin/packer_compiled.lua
642.547  008.452: loading rtp plugins
647.936  002.510  002.510: sourcing /Users/andrix/.local/share/nvim/site/pack/packer/start/dashboard-nvim/plugin/dashboard.lua
650.155  000.802  000.802: sourcing /Users/andrix/.local/share/nvim/site/pack/packer/start/LuaSnip/plugin/luasnip.vim
653.566  001.864  001.864: sourcing /Users/andrix/.local/share/nvim/site/pack/packer/start/nvim-cmp/plugin/cmp.lua
655.303  000.673  000.673: sourcing /Users/andrix/.local/share/nvim/site/pack/packer/start/nvim-dap/plugin/dap.lua
657.011  000.598  000.598: sourcing /Users/andrix/.local/share/nvim/site/pack/packer/start/nvim-lsp-installer/plugin/nvim-lsp-installer.vim
658.252  000.622  000.622: sourcing /Users/andrix/.local/share/nvim/site/pack/packer/start/nvim-lspconfig/plugin/lspconfig.vim
666.597  006.385  006.385: sourcing /Users/andrix/.local/share/nvim/site/pack/packer/start/nvim-treesitter/plugin/nvim-treesitter.lua
668.961  000.503  000.503: sourcing /Users/andrix/.local/share/nvim/site/pack/packer/start/nvim-web-devicons/plugin/nvim-web-devicons.vim
670.722  000.525  000.525: sourcing /Users/andrix/.local/share/nvim/site/pack/packer/start/plenary.nvim/plugin/plenary.vim
674.183  001.773  001.773: sourcing /Users/andrix/.local/share/nvim/site/pack/packer/start/telescope.nvim/plugin/telescope.lua
676.270  000.618  000.618: sourcing /Users/andrix/.local/share/nvim/site/pack/packer/start/vim-illuminate/plugin/illuminate.vim
676.707  017.290: loading packages
688.262  004.531  004.531: sourcing /Users/andrix/.local/share/nvim/site/pack/packer/start/cmp-buffer/after/plugin/cmp_buffer.lua
690.409  001.798  001.798: sourcing /Users/andrix/.local/share/nvim/site/pack/packer/start/cmp-cmdline/after/plugin/cmp_cmdline.lua
691.393  000.640  000.640: sourcing /Users/andrix/.local/share/nvim/site/pack/packer/start/cmp-nvim-lsp/after/plugin/cmp_nvim_lsp.lua
694.329  002.615  002.615: sourcing /Users/andrix/.local/share/nvim/site/pack/packer/start/cmp-path/after/plugin/cmp_path.lua
697.696  003.014  003.014: sourcing /Users/andrix/.local/share/nvim/site/pack/packer/start/cmp-tabnine/after/plugin/cmp-tabnine.lua
700.213  002.169  002.169: sourcing /Users/andrix/.local/share/nvim/site/pack/packer/start/cmp_luasnip/after/plugin/cmp_luasnip.lua
701.598  000.999  000.999: sourcing /Users/andrix/.local/share/nvim/site/pack/packer/start/Comment.nvim/after/plugin/Comment.lua
701.616  009.142: loading after plugins
701.634  000.018: inits 3
705.839  004.205: reading ShaDa
766.655  060.817: opening buffers
768.208  001.553: BufEnter autocommands
768.214  000.006: editing files in windows
783.660  015.446: VimEnter autocommands
783.664  000.004: UIEnter autocommands
785.685  001.673  001.673: sourcing /usr/local/Cellar/neovim/0.7.2_1/share/nvim/runtime/autoload/provider/clipboard.vim
785.701  000.364: before starting main loop
787.276  001.114  001.114: sourcing /Users/andrix/.local/share/nvim/site/pack/packer/start/vim-illuminate/autoload/illuminate.vim
788.573  001.757: first screen update
788.575  000.003: --- NVIM STARTED ---
